2022-2022-07 12:16 [INFO][restartedMain][c.e.e.EmployeePayrollApplication:55] Starting EmployeePayrollApplication using Java 17.0.2 on LAPTOP-661IS5UO with PID 20748 (C:\Development\SpringProject\EmployeePayrollApp\target\classes started by root in C:\Development\SpringProject\EmployeePayrollApp)
2022-2022-07 12:16 [DEBUG][restartedMain][c.e.e.EmployeePayrollApplication:56] Running with Spring Boot v2.7.1, Spring v5.3.21
2022-2022-07 12:16 [INFO][restartedMain][c.e.e.EmployeePayrollApplication:640] The following 1 profile is active: "dev"
2022-2022-07 12:16 [ERROR][restartedMain][o.a.c.c.AprLifecycleListener:173] An incompatible version [1.1.33] of the Apache Tomcat Native library is installed, while Tomcat requires version [1.2.14]
2022-2022-07 12:16 [ERROR][restartedMain][c.z.h.p.HikariPool:594] HikariPool-1 - Exception during pool initialization.
com.mysql.cj.jdbc.exceptions.CommunicationsException: Communications link failure

The last packet sent successfully to the server was 0 milliseconds ago. The driver has not received any packets from the server.
	at com.mysql.cj.jdbc.exceptions.SQLError.createCommunicationsException(SQLError.java:174)
	at com.mysql.cj.jdbc.exceptions.SQLExceptionsMapping.translateException(SQLExceptionsMapping.java:64)
	at com.mysql.cj.jdbc.ConnectionImpl.createNewIO(ConnectionImpl.java:828)
	at com.mysql.cj.jdbc.ConnectionImpl.<init>(ConnectionImpl.java:448)
	at com.mysql.cj.jdbc.ConnectionImpl.getInstance(ConnectionImpl.java:241)
	at com.mysql.cj.jdbc.NonRegisteringDriver.connect(NonRegisteringDriver.java:198)
	at com.zaxxer.hikari.util.DriverDataSource.getConnection(DriverDataSource.java:138)
	at com.zaxxer.hikari.pool.PoolBase.newConnection(PoolBase.java:364)
	at com.zaxxer.hikari.pool.PoolBase.newPoolEntry(PoolBase.java:206)
	at com.zaxxer.hikari.pool.HikariPool.createPoolEntry(HikariPool.java:476)
	at com.zaxxer.hikari.pool.HikariPool.checkFailFast(HikariPool.java:561)
	at com.zaxxer.hikari.pool.HikariPool.<init>(HikariPool.java:115)
	at com.zaxxer.hikari.HikariDataSource.getConnection(HikariDataSource.java:112)
	at org.hibernate.engine.jdbc.connections.internal.DatasourceConnectionProviderImpl.getConnection(DatasourceConnectionProviderImpl.java:122)
	at org.hibernate.engine.jdbc.env.internal.JdbcEnvironmentInitiator$ConnectionProviderJdbcConnectionAccess.obtainConnection(JdbcEnvironmentInitiator.java:181)
	at org.hibernate.engine.jdbc.env.internal.JdbcEnvironmentInitiator.initiateService(JdbcEnvironmentInitiator.java:68)
	at org.hibernate.engine.jdbc.env.internal.JdbcEnvironmentInitiator.initiateService(JdbcEnvironmentInitiator.java:35)
	at org.hibernate.boot.registry.internal.StandardServiceRegistryImpl.initiateService(StandardServiceRegistryImpl.java:101)
	at org.hibernate.service.internal.AbstractServiceRegistryImpl.createService(AbstractServiceRegistryImpl.java:263)
	at org.hibernate.service.internal.AbstractServiceRegistryImpl.initializeService(AbstractServiceRegistryImpl.java:237)
	at org.hibernate.service.internal.AbstractServiceRegistryImpl.getService(AbstractServiceRegistryImpl.java:214)
	at org.hibernate.id.factory.internal.DefaultIdentifierGeneratorFactory.injectServices(DefaultIdentifierGeneratorFactory.java:175)
	at org.hibernate.service.internal.AbstractServiceRegistryImpl.injectDependencies(AbstractServiceRegistryImpl.java:286)
	at org.hibernate.service.internal.AbstractServiceRegistryImpl.initializeService(AbstractServiceRegistryImpl.java:243)
	at org.hibernate.service.internal.AbstractServiceRegistryImpl.getService(AbstractServiceRegistryImpl.java:214)
	at org.hibernate.boot.internal.InFlightMetadataCollectorImpl.<init>(InFlightMetadataCollectorImpl.java:173)
	at org.hibernate.boot.model.process.spi.MetadataBuildingProcess.complete(MetadataBuildingProcess.java:127)
	at org.hibernate.jpa.boot.internal.EntityManagerFactoryBuilderImpl.metadata(EntityManagerFactoryBuilderImpl.java:1460)
	at org.hibernate.jpa.boot.internal.EntityManagerFactoryBuilderImpl.build(EntityManagerFactoryBuilderImpl.java:1494)
	at org.springframework.orm.jpa.vendor.SpringHibernateJpaPersistenceProvider.createContainerEntityManagerFactory(SpringHibernateJpaPersistenceProvider.java:58)
	at org.springframework.orm.jpa.LocalContainerEntityManagerFactoryBean.createNativeEntityManagerFactory(LocalContainerEntityManagerFactoryBean.java:365)
	at org.springframework.orm.jpa.AbstractEntityManagerFactoryBean.buildNativeEntityManagerFactory(AbstractEntityManagerFactoryBean.java:409)
	at org.springframework.orm.jpa.AbstractEntityManagerFactoryBean.afterPropertiesSet(AbstractEntityManagerFactoryBean.java:396)
	at org.springframework.orm.jpa.LocalContainerEntityManagerFactoryBean.afterPropertiesSet(LocalContainerEntityManagerFactoryBean.java:341)
	at org.springframework.beans.factory.support.AbstractAutowireCapableBeanFactory.invokeInitMethods(AbstractAutowireCapableBeanFactory.java:1863)
	at org.springframework.beans.factory.support.AbstractAutowireCapableBeanFactory.initializeBean(AbstractAutowireCapableBeanFactory.java:1800)
	at org.springframework.beans.factory.support.AbstractAutowireCapableBeanFactory.doCreateBean(AbstractAutowireCapableBeanFactory.java:620)
	at org.springframework.beans.factory.support.AbstractAutowireCapableBeanFactory.createBean(AbstractAutowireCapableBeanFactory.java:542)
	at org.springframework.beans.factory.support.AbstractBeanFactory.lambda$doGetBean$0(AbstractBeanFactory.java:335)
	at org.springframework.beans.factory.support.DefaultSingletonBeanRegistry.getSingleton(DefaultSingletonBeanRegistry.java:234)
	at org.springframework.beans.factory.support.AbstractBeanFactory.doGetBean(AbstractBeanFactory.java:333)
	at org.springframework.beans.factory.support.AbstractBeanFactory.getBean(AbstractBeanFactory.java:208)
	at org.springframework.context.support.AbstractApplicationContext.getBean(AbstractApplicationContext.java:1154)
	at org.springframework.context.support.AbstractApplicationContext.finishBeanFactoryInitialization(AbstractApplicationContext.java:908)
	at org.springframework.context.support.AbstractApplicationContext.refresh(AbstractApplicationContext.java:583)
	at org.springframework.boot.web.servlet.context.ServletWebServerApplicationContext.refresh(ServletWebServerApplicationContext.java:147)
	at org.springframework.boot.SpringApplication.refresh(SpringApplication.java:734)
	at org.springframework.boot.SpringApplication.refreshContext(SpringApplication.java:408)
	at org.springframework.boot.SpringApplication.run(SpringApplication.java:308)
	at org.springframework.boot.SpringApplication.run(SpringApplication.java:1306)
	at org.springframework.boot.SpringApplication.run(SpringApplication.java:1295)
	at com.example.employeepayrollapp.EmployeePayrollApplication.main(EmployeePayrollApplication.java:15)
	at java.base/jdk.internal.reflect.NativeMethodAccessorImpl.invoke0(Native Method)
	at java.base/jdk.internal.reflect.NativeMethodAccessorImpl.invoke(NativeMethodAccessorImpl.java:77)
	at java.base/jdk.internal.reflect.DelegatingMethodAccessorImpl.invoke(DelegatingMethodAccessorImpl.java:43)
	at java.base/java.lang.reflect.Method.invoke(Method.java:568)
	at org.springframework.boot.devtools.restart.RestartLauncher.run(RestartLauncher.java:49)
Caused by: com.mysql.cj.exceptions.CJCommunicationsException: Communications link failure

The last packet sent successfully to the server was 0 milliseconds ago. The driver has not received any packets from the server.
	at java.base/jdk.internal.reflect.NativeConstructorAccessorImpl.newInstance0(Native Method)
	at java.base/jdk.internal.reflect.NativeConstructorAccessorImpl.newInstance(NativeConstructorAccessorImpl.java:77)
	at java.base/jdk.internal.reflect.DelegatingConstructorAccessorImpl.newInstance(DelegatingConstructorAccessorImpl.java:45)
	at java.base/java.lang.reflect.Constructor.newInstanceWithCaller(Constructor.java:499)
	at java.base/java.lang.reflect.Constructor.newInstance(Constructor.java:480)
	at com.mysql.cj.exceptions.ExceptionFactory.createException(ExceptionFactory.java:61)
	at com.mysql.cj.exceptions.ExceptionFactory.createException(ExceptionFactory.java:105)
	at com.mysql.cj.exceptions.ExceptionFactory.createException(ExceptionFactory.java:151)
	at com.mysql.cj.exceptions.ExceptionFactory.createCommunicationsException(ExceptionFactory.java:167)
	at com.mysql.cj.protocol.a.NativeSocketConnection.connect(NativeSocketConnection.java:89)
	at com.mysql.cj.NativeSession.connect(NativeSession.java:120)
	at com.mysql.cj.jdbc.ConnectionImpl.connectOneTryOnly(ConnectionImpl.java:948)
	at com.mysql.cj.jdbc.ConnectionImpl.createNewIO(ConnectionImpl.java:818)
	... 54 common frames omitted
Caused by: java.net.ConnectException: Connection refused: no further information
	at java.base/sun.nio.ch.Net.pollConnect(Native Method)
	at java.base/sun.nio.ch.Net.pollConnectNow(Net.java:672)
	at java.base/sun.nio.ch.NioSocketImpl.timedFinishConnect(NioSocketImpl.java:542)
	at java.base/sun.nio.ch.NioSocketImpl.connect(NioSocketImpl.java:597)
	at java.base/java.net.SocksSocketImpl.connect(SocksSocketImpl.java:327)
	at java.base/java.net.Socket.connect(Socket.java:633)
	at com.mysql.cj.protocol.StandardSocketFactory.connect(StandardSocketFactory.java:153)
	at com.mysql.cj.protocol.a.NativeSocketConnection.connect(NativeSocketConnection.java:63)
	... 57 common frames omitted
2022-2022-07 12:16 [WARN][restartedMain][o.s.b.a.o.j.JpaBaseConfiguration$JpaWebConfiguration:219] spring.jpa.open-in-view is enabled by default. Therefore, database queries may be performed during view rendering. Explicitly configure spring.jpa.open-in-view to disable this warning
2022-2022-07 12:16 [INFO][restartedMain][c.e.e.EmployeePayrollApplication:61] Started EmployeePayrollApplication in 4.894 seconds (JVM running for 6.002)
2022-2022-07 12:16 [INFO][restartedMain][c.e.e.EmployeePayrollApplication:16] Employee Payroll Application Started in DEV Environment
2022-2022-07 12:19 [WARN][http-nio-8080-exec-7][o.s.w.s.m.s.DefaultHandlerExceptionResolver:208] Resolved [org.springframework.web.HttpRequestMethodNotSupportedException: Request method 'POST' not supported]
2022-2022-07 12:21 [WARN][http-nio-8080-exec-3][o.s.w.s.m.s.DefaultHandlerExceptionResolver:208] Resolved [org.springframework.web.HttpRequestMethodNotSupportedException: Request method 'PUT' not supported]
2022-2022-07 12:21 [WARN][http-nio-8080-exec-10][o.s.w.s.m.s.DefaultHandlerExceptionResolver:208] Resolved [org.springframework.web.HttpRequestMethodNotSupportedException: Request method 'DELETE' not supported]
2022-2022-07 12:21 [ERROR][http-nio-8080-exec-8][o.a.c.c.C.[.[.[.[dispatcherServlet]:175] Servlet.service() for servlet [dispatcherServlet] in context with path [] threw exception [Request processing failed; nested exception is java.lang.IndexOutOfBoundsException: Index 2 out of bounds for length 2] with root cause
java.lang.IndexOutOfBoundsException: Index 2 out of bounds for length 2
	at java.base/jdk.internal.util.Preconditions.outOfBounds(Preconditions.java:64)
	at java.base/jdk.internal.util.Preconditions.outOfBoundsCheckIndex(Preconditions.java:70)
	at java.base/jdk.internal.util.Preconditions.checkIndex(Preconditions.java:266)
	at java.base/java.util.Objects.checkIndex(Objects.java:359)
	at java.base/java.util.ArrayList.get(ArrayList.java:427)
	at com.example.employeepayrollapp.service.EmployeePayrollServices.getEmployeePayrollDataById(EmployeePayrollServices.java:22)
	at com.example.employeepayrollapp.controller.EmployeePayrollController.getEmployeePayrollData(EmployeePayrollController.java:28)
	at java.base/jdk.internal.reflect.NativeMethodAccessorImpl.invoke0(Native Method)
	at java.base/jdk.internal.reflect.NativeMethodAccessorImpl.invoke(NativeMethodAccessorImpl.java:77)
	at java.base/jdk.internal.reflect.DelegatingMethodAccessorImpl.invoke(DelegatingMethodAccessorImpl.java:43)
	at java.base/java.lang.reflect.Method.invoke(Method.java:568)
	at org.springframework.web.method.support.InvocableHandlerMethod.doInvoke(InvocableHandlerMethod.java:205)
	at org.springframework.web.method.support.InvocableHandlerMethod.invokeForRequest(InvocableHandlerMethod.java:150)
	at org.springframework.web.servlet.mvc.method.annotation.ServletInvocableHandlerMethod.invokeAndHandle(ServletInvocableHandlerMethod.java:117)
	at org.springframework.web.servlet.mvc.method.annotation.RequestMappingHandlerAdapter.invokeHandlerMethod(RequestMappingHandlerAdapter.java:895)
	at org.springframework.web.servlet.mvc.method.annotation.RequestMappingHandlerAdapter.handleInternal(RequestMappingHandlerAdapter.java:808)
	at org.springframework.web.servlet.mvc.method.AbstractHandlerMethodAdapter.handle(AbstractHandlerMethodAdapter.java:87)
	at org.springframework.web.servlet.DispatcherServlet.doDispatch(DispatcherServlet.java:1067)
	at org.springframework.web.servlet.DispatcherServlet.doService(DispatcherServlet.java:963)
	at org.springframework.web.servlet.FrameworkServlet.processRequest(FrameworkServlet.java:1006)
	at org.springframework.web.servlet.FrameworkServlet.doGet(FrameworkServlet.java:898)
	at javax.servlet.http.HttpServlet.service(HttpServlet.java:655)
	at org.springframework.web.servlet.FrameworkServlet.service(FrameworkServlet.java:883)
	at javax.servlet.http.HttpServlet.service(HttpServlet.java:764)
	at org.apache.catalina.core.ApplicationFilterChain.internalDoFilter(ApplicationFilterChain.java:227)
	at org.apache.catalina.core.ApplicationFilterChain.doFilter(ApplicationFilterChain.java:162)
	at org.apache.tomcat.websocket.server.WsFilter.doFilter(WsFilter.java:53)
	at org.apache.catalina.core.ApplicationFilterChain.internalDoFilter(ApplicationFilterChain.java:189)
	at org.apache.catalina.core.ApplicationFilterChain.doFilter(ApplicationFilterChain.java:162)
	at org.springframework.web.filter.RequestContextFilter.doFilterInternal(RequestContextFilter.java:100)
	at org.springframework.web.filter.OncePerRequestFilter.doFilter(OncePerRequestFilter.java:117)
	at org.apache.catalina.core.ApplicationFilterChain.internalDoFilter(ApplicationFilterChain.java:189)
	at org.apache.catalina.core.ApplicationFilterChain.doFilter(ApplicationFilterChain.java:162)
	at org.springframework.web.filter.FormContentFilter.doFilterInternal(FormContentFilter.java:93)
	at org.springframework.web.filter.OncePerRequestFilter.doFilter(OncePerRequestFilter.java:117)
	at org.apache.catalina.core.ApplicationFilterChain.internalDoFilter(ApplicationFilterChain.java:189)
	at org.apache.catalina.core.ApplicationFilterChain.doFilter(ApplicationFilterChain.java:162)
	at org.springframework.web.filter.CharacterEncodingFilter.doFilterInternal(CharacterEncodingFilter.java:201)
	at org.springframework.web.filter.OncePerRequestFilter.doFilter(OncePerRequestFilter.java:117)
	at org.apache.catalina.core.ApplicationFilterChain.internalDoFilter(ApplicationFilterChain.java:189)
	at org.apache.catalina.core.ApplicationFilterChain.doFilter(ApplicationFilterChain.java:162)
	at org.apache.catalina.core.StandardWrapperValve.invoke(StandardWrapperValve.java:197)
	at org.apache.catalina.core.StandardContextValve.invoke(StandardContextValve.java:97)
	at org.apache.catalina.authenticator.AuthenticatorBase.invoke(AuthenticatorBase.java:541)
	at org.apache.catalina.core.StandardHostValve.invoke(StandardHostValve.java:135)
	at org.apache.catalina.valves.ErrorReportValve.invoke(ErrorReportValve.java:92)
	at org.apache.catalina.core.StandardEngineValve.invoke(StandardEngineValve.java:78)
	at org.apache.catalina.connector.CoyoteAdapter.service(CoyoteAdapter.java:360)
	at org.apache.coyote.http11.Http11Processor.service(Http11Processor.java:399)
	at org.apache.coyote.AbstractProcessorLight.process(AbstractProcessorLight.java:65)
	at org.apache.coyote.AbstractProtocol$ConnectionHandler.process(AbstractProtocol.java:890)
	at org.apache.tomcat.util.net.NioEndpoint$SocketProcessor.doRun(NioEndpoint.java:1787)
	at org.apache.tomcat.util.net.SocketProcessorBase.run(SocketProcessorBase.java:49)
	at org.apache.tomcat.util.threads.ThreadPoolExecutor.runWorker(ThreadPoolExecutor.java:1191)
	at org.apache.tomcat.util.threads.ThreadPoolExecutor$Worker.run(ThreadPoolExecutor.java:659)
	at org.apache.tomcat.util.threads.TaskThread$WrappingRunnable.run(TaskThread.java:61)
	at java.base/java.lang.Thread.run(Thread.java:833)
2022-2022-07 16:05 [INFO][restartedMain][c.e.e.EmployeePayrollAppApplication:55] Starting EmployeePayrollAppApplication using Java 17.0.2 on LAPTOP-661IS5UO with PID 22816 (C:\Development\SpringProject\EmployeePayrollApp\target\classes started by root in C:\Development\SpringProject\EmployeePayrollApp)
2022-2022-07 16:05 [DEBUG][restartedMain][c.e.e.EmployeePayrollAppApplication:56] Running with Spring Boot v2.7.1, Spring v5.3.21
2022-2022-07 16:05 [INFO][restartedMain][c.e.e.EmployeePayrollAppApplication:640] The following 1 profile is active: "dev"
2022-2022-07 16:05 [ERROR][restartedMain][o.a.c.c.AprLifecycleListener:173] An incompatible version [1.1.33] of the Apache Tomcat Native library is installed, while Tomcat requires version [1.2.14]
2022-2022-07 16:05 [WARN][restartedMain][o.s.b.a.o.j.JpaBaseConfiguration$JpaWebConfiguration:219] spring.jpa.open-in-view is enabled by default. Therefore, database queries may be performed during view rendering. Explicitly configure spring.jpa.open-in-view to disable this warning
2022-2022-07 16:05 [INFO][restartedMain][c.e.e.EmployeePayrollAppApplication:61] Started EmployeePayrollAppApplication in 4.229 seconds (JVM running for 5.273)
2022-2022-07 16:05 [INFO][restartedMain][c.e.e.EmployeePayrollAppApplication:14] Employee Payroll Application Started in DEV Environment
2022-2022-07 16:27 [INFO][restartedMain][c.e.e.EmployeePayrollAppApplication:55] Starting EmployeePayrollAppApplication using Java 17.0.2 on LAPTOP-661IS5UO with PID 20348 (C:\Development\SpringProject\EmployeePayrollApp\target\classes started by root in C:\Development\SpringProject\EmployeePayrollApp)
2022-2022-07 16:27 [DEBUG][restartedMain][c.e.e.EmployeePayrollAppApplication:56] Running with Spring Boot v2.7.1, Spring v5.3.21
2022-2022-07 16:27 [INFO][restartedMain][c.e.e.EmployeePayrollAppApplication:640] The following 1 profile is active: "dev"
2022-2022-07 16:27 [ERROR][restartedMain][o.a.c.c.AprLifecycleListener:173] An incompatible version [1.1.33] of the Apache Tomcat Native library is installed, while Tomcat requires version [1.2.14]
2022-2022-07 16:27 [WARN][restartedMain][o.s.b.a.o.j.JpaBaseConfiguration$JpaWebConfiguration:219] spring.jpa.open-in-view is enabled by default. Therefore, database queries may be performed during view rendering. Explicitly configure spring.jpa.open-in-view to disable this warning
2022-2022-07 16:27 [INFO][restartedMain][c.e.e.EmployeePayrollAppApplication:61] Started EmployeePayrollAppApplication in 4.423 seconds (JVM running for 5.541)
2022-2022-07 16:27 [INFO][restartedMain][c.e.e.EmployeePayrollAppApplication:14] Employee Payroll Application Started in DEV Environment
2022-2022-07 16:28 [INFO][restartedMain][c.e.e.EmployeePayrollAppApplication:55] Starting EmployeePayrollAppApplication using Java 17.0.2 on LAPTOP-661IS5UO with PID 14172 (C:\Development\SpringProject\EmployeePayrollApp\target\classes started by root in C:\Development\SpringProject\EmployeePayrollApp)
2022-2022-07 16:28 [DEBUG][restartedMain][c.e.e.EmployeePayrollAppApplication:56] Running with Spring Boot v2.7.1, Spring v5.3.21
2022-2022-07 16:28 [INFO][restartedMain][c.e.e.EmployeePayrollAppApplication:640] The following 1 profile is active: "dev"
2022-2022-07 16:28 [ERROR][restartedMain][o.a.c.c.AprLifecycleListener:173] An incompatible version [1.1.33] of the Apache Tomcat Native library is installed, while Tomcat requires version [1.2.14]
2022-2022-07 16:28 [WARN][restartedMain][o.s.b.a.o.j.JpaBaseConfiguration$JpaWebConfiguration:219] spring.jpa.open-in-view is enabled by default. Therefore, database queries may be performed during view rendering. Explicitly configure spring.jpa.open-in-view to disable this warning
2022-2022-07 16:28 [INFO][restartedMain][c.e.e.EmployeePayrollAppApplication:61] Started EmployeePayrollAppApplication in 4.336 seconds (JVM running for 5.322)
2022-2022-07 16:28 [INFO][restartedMain][c.e.e.EmployeePayrollAppApplication:14] Employee Payroll Application Started in DEV Environment
2022-2022-07 16:28 [DEBUG][http-nio-8080-exec-1][c.e.e.c.EmployeePayrollController:39] Employee DTO :EmployeePayrollDTO(name=Dejjjli , salary=31770, gender=Female, joiningDate=2022-02-10, note=Hello Rajshri!!!, profilePic=, department=[Sales])
2022-2022-07 16:28 [DEBUG][http-nio-8080-exec-5][c.e.e.c.EmployeePayrollController:39] Employee DTO :EmployeePayrollDTO(name=Dhanshri , salary=30000, gender=Female, joiningDate=2022-03-11, note=Hello !!!, profilePic=, department=[Sales])
2022-2022-07 16:29 [DEBUG][http-nio-8080-exec-4][c.e.e.c.EmployeePayrollController:39] Employee DTO :EmployeePayrollDTO(name=Rajshri , salary=35000, gender=Female, joiningDate=2022-03-11, note=Hello Rajshri !!!, profilePic=, department=[Manager])
2022-2022-07 16:31 [WARN][http-nio-8080-exec-10][o.s.w.s.m.s.DefaultHandlerExceptionResolver:208] Resolved [org.springframework.web.HttpRequestMethodNotSupportedException: Request method 'PUT' not supported]
2022-2022-07 16:41 [INFO][restartedMain][c.e.e.EmployeePayrollAppApplication:55] Starting EmployeePayrollAppApplication using Java 17.0.2 on LAPTOP-661IS5UO with PID 27320 (C:\Development\SpringProject\EmployeePayrollApp\target\classes started by root in C:\Development\SpringProject\EmployeePayrollApp)
2022-2022-07 16:41 [DEBUG][restartedMain][c.e.e.EmployeePayrollAppApplication:56] Running with Spring Boot v2.7.1, Spring v5.3.21
2022-2022-07 16:41 [INFO][restartedMain][c.e.e.EmployeePayrollAppApplication:640] The following 1 profile is active: "dev"
2022-2022-07 16:41 [ERROR][restartedMain][o.a.c.c.AprLifecycleListener:173] An incompatible version [1.1.33] of the Apache Tomcat Native library is installed, while Tomcat requires version [1.2.14]
2022-2022-07 16:41 [WARN][restartedMain][o.s.b.a.o.j.JpaBaseConfiguration$JpaWebConfiguration:219] spring.jpa.open-in-view is enabled by default. Therefore, database queries may be performed during view rendering. Explicitly configure spring.jpa.open-in-view to disable this warning
2022-2022-07 16:41 [INFO][restartedMain][c.e.e.EmployeePayrollAppApplication:61] Started EmployeePayrollAppApplication in 5.361 seconds (JVM running for 6.99)
2022-2022-07 16:41 [INFO][restartedMain][c.e.e.EmployeePayrollAppApplication:14] Employee Payroll Application Started in DEV Environment
2022-2022-07 16:47 [DEBUG][http-nio-8080-exec-9][c.e.e.c.EmployeePayrollController:39] Employee DTO :EmployeePayrollDTO(name=Priya, salary=40000, gender=Female, joiningDate=2022-03-11, note=Hello how are you!!!, profilePic=, department=[Sales])
2022-2022-07 16:47 [INFO][restartedMain][c.e.e.EmployeePayrollAppApplication:55] Starting EmployeePayrollAppApplication using Java 17.0.2 on LAPTOP-661IS5UO with PID 25724 (C:\Development\SpringProject\EmployeePayrollApp\target\classes started by root in C:\Development\SpringProject\EmployeePayrollApp)
2022-2022-07 16:47 [DEBUG][restartedMain][c.e.e.EmployeePayrollAppApplication:56] Running with Spring Boot v2.7.1, Spring v5.3.21
2022-2022-07 16:47 [INFO][restartedMain][c.e.e.EmployeePayrollAppApplication:640] The following 1 profile is active: "dev"
2022-2022-07 16:47 [ERROR][restartedMain][o.a.c.c.AprLifecycleListener:173] An incompatible version [1.1.33] of the Apache Tomcat Native library is installed, while Tomcat requires version [1.2.14]
2022-2022-07 16:48 [WARN][restartedMain][o.s.b.a.o.j.JpaBaseConfiguration$JpaWebConfiguration:219] spring.jpa.open-in-view is enabled by default. Therefore, database queries may be performed during view rendering. Explicitly configure spring.jpa.open-in-view to disable this warning
2022-2022-07 16:48 [INFO][restartedMain][c.e.e.EmployeePayrollAppApplication:61] Started EmployeePayrollAppApplication in 4.456 seconds (JVM running for 5.577)
2022-2022-07 16:48 [INFO][restartedMain][c.e.e.EmployeePayrollAppApplication:14] Employee Payroll Application Started in DEV Environment
2022-2022-07 16:48 [DEBUG][http-nio-8080-exec-4][c.e.e.c.EmployeePayrollController:39] Employee DTO :EmployeePayrollDTO(name=Priya, salary=40000, gender=Female, joiningDate=2022-03-11, note=Hello how are you!!!, profilePic=, department=[Sales])
2022-2022-07 16:48 [DEBUG][http-nio-8080-exec-3][c.e.e.c.EmployeePayrollController:39] Employee DTO :EmployeePayrollDTO(name=Dhanshri, salary=43000, gender=Female, joiningDate=2022-03-11, note=Hello how are you!!!, profilePic=, department=[IT])
2022-2022-07 16:49 [DEBUG][http-nio-8080-exec-2][c.e.e.c.EmployeePayrollController:39] Employee DTO :EmployeePayrollDTO(name=Rajshri, salary=53000, gender=Female, joiningDate=2022-03-11, note=Hello!!!, profilePic=, department=[Sales])
